<?xml version="1.0" encoding="UTF-8"?>
<robot generator="Robot 7.0 (Python 3.12.2 on win32)" generated="2024-04-05T13:16:44.937809" rpa="false" schemaversion="5">
<suite id="s1" name="Login" source="D:\brickAssignment\Test Case\login.robot">
<test id="s1-t1" name="Login With Valid User" line="7">
<kw name="Open My Browser" owner="registrationKeywords">
<kw name="Open Browser" owner="SeleniumLibrary">
<msg time="2024-04-05T13:16:45.179989" level="INFO">Opening browser 'chrome' to base url 'https://qademo.onebrick.io/login'.</msg>
<arg>${URL}</arg>
<arg>${Browser}</arg>
<doc>Opens a new browser instance to the optional ``url``.</doc>
<status status="PASS" start="2024-04-05T13:16:45.179989" elapsed="2.626656"/>
</kw>
<kw name="Maximize Browser Window" owner="SeleniumLibrary">
<doc>Maximizes current browser window.</doc>
<status status="PASS" start="2024-04-05T13:16:47.806645" elapsed="0.118181"/>
</kw>
<arg>${URL}</arg>
<arg>${Browser}</arg>
<status status="PASS" start="2024-04-05T13:16:45.179989" elapsed="2.744837"/>
</kw>
<kw name="Input Valid Username" owner="loginKeywords">
<kw name="Input Text" owner="SeleniumLibrary">
<msg time="2024-04-05T13:16:47.929392" level="INFO">Typing text 'Kenny@gmail.com' into text field '//input[@id='your_email']'.</msg>
<arg>${usernameField}</arg>
<arg>${username}</arg>
<doc>Types the given ``text`` into the text field identified by ``locator``.</doc>
<status status="PASS" start="2024-04-05T13:16:47.924826" elapsed="0.342717"/>
</kw>
<arg>${username}</arg>
<status status="PASS" start="2024-04-05T13:16:47.924826" elapsed="0.343745"/>
</kw>
<kw name="Input Valid Password" owner="loginKeywords">
<kw name="Input Text" owner="SeleniumLibrary">
<msg time="2024-04-05T13:16:48.268571" level="INFO">Typing text 'Test06' into text field '//input[@id='password']'.</msg>
<arg>${passwordField}</arg>
<arg>${password}</arg>
<doc>Types the given ``text`` into the text field identified by ``locator``.</doc>
<status status="PASS" start="2024-04-05T13:16:48.268571" elapsed="0.121980"/>
</kw>
<arg>${password}</arg>
<status status="PASS" start="2024-04-05T13:16:48.268571" elapsed="0.121980"/>
</kw>
<kw name="Click Submit Button" owner="loginKeywords">
<kw name="Click Button" owner="SeleniumLibrary">
<msg time="2024-04-05T13:16:48.391950" level="INFO">Clicking button '//input[@name='login']'.</msg>
<arg>${submitBtn}</arg>
<doc>Clicks the button identified by ``locator``.</doc>
<status status="PASS" start="2024-04-05T13:16:48.391950" elapsed="0.323902"/>
</kw>
<status status="PASS" start="2024-04-05T13:16:48.391613" elapsed="0.324239"/>
</kw>
<kw name="Verify Succesfull Login" owner="loginKeywords">
<kw name="Page Should Contain Button" owner="SeleniumLibrary">
<msg time="2024-04-05T13:16:48.990874" level="INFO" html="true">&lt;/td&gt;&lt;/tr&gt;&lt;tr&gt;&lt;td colspan="3"&gt;&lt;a href="selenium-screenshot-26.png"&gt;&lt;img src="selenium-screenshot-26.png" width="800px"&gt;&lt;/a&gt;</msg>
<msg time="2024-04-05T13:16:48.990874" level="FAIL">Page should have contained button '(//div[normalize-space()='Welcome Back, Magneto Woman!'])[2]' but did not.</msg>
<arg>${succesfullLoginNotif}</arg>
<doc>Verifies button ``locator`` is found from current page.</doc>
<status status="FAIL" start="2024-04-05T13:16:48.719567" elapsed="0.275754">Page should have contained button '(//div[normalize-space()='Welcome Back, Magneto Woman!'])[2]' but did not.</status>
</kw>
<status status="FAIL" start="2024-04-05T13:16:48.717887" elapsed="0.277434">Page should have contained button '(//div[normalize-space()='Welcome Back, Magneto Woman!'])[2]' but did not.</status>
</kw>
<kw name="Click Logout Button" owner="loginKeywords">
<status status="NOT RUN" start="2024-04-05T13:16:48.996400" elapsed="0.000000"/>
</kw>
<kw name="Verify Succesfull Logout" owner="loginKeywords">
<status status="NOT RUN" start="2024-04-05T13:16:48.996400" elapsed="0.001011"/>
</kw>
<kw name="Close Browser" owner="SeleniumLibrary">
<doc>Closes the current browser.</doc>
<status status="NOT RUN" start="2024-04-05T13:16:48.997411" elapsed="0.000000"/>
</kw>
<status status="FAIL" start="2024-04-05T13:16:45.179095" elapsed="3.818316">Page should have contained button '(//div[normalize-space()='Welcome Back, Magneto Woman!'])[2]' but did not.</status>
</test>
<test id="s1-t2" name="login With Invalid User" line="16">
<kw name="Open My Browser" owner="registrationKeywords">
<kw name="Open Browser" owner="SeleniumLibrary">
<msg time="2024-04-05T13:16:49.001485" level="INFO">Opening browser 'chrome' to base url 'https://qademo.onebrick.io/login'.</msg>
<arg>${URL}</arg>
<arg>${Browser}</arg>
<doc>Opens a new browser instance to the optional ``url``.</doc>
<status status="PASS" start="2024-04-05T13:16:49.001485" elapsed="2.489008"/>
</kw>
<kw name="Maximize Browser Window" owner="SeleniumLibrary">
<doc>Maximizes current browser window.</doc>
<status status="PASS" start="2024-04-05T13:16:51.491672" elapsed="0.121270"/>
</kw>
<arg>${URL}</arg>
<arg>${Browser}</arg>
<status status="PASS" start="2024-04-05T13:16:48.999977" elapsed="2.614179"/>
</kw>
<kw name="Input Valid Username" owner="loginKeywords">
<kw name="Input Text" owner="SeleniumLibrary">
<msg time="2024-04-05T13:16:51.618751" level="INFO">Typing text 'K@gmail.com' into text field '//input[@id='your_email']'.</msg>
<arg>${usernameField}</arg>
<arg>${username}</arg>
<doc>Types the given ``text`` into the text field identified by ``locator``.</doc>
<status status="PASS" start="2024-04-05T13:16:51.618154" elapsed="0.277986"/>
</kw>
<arg>${invalidUsername}</arg>
<status status="PASS" start="2024-04-05T13:16:51.614156" elapsed="0.281984"/>
</kw>
<kw name="Input Valid Password" owner="loginKeywords">
<kw name="Input Text" owner="SeleniumLibrary">
<msg time="2024-04-05T13:16:51.896645" level="INFO">Typing text 'Test1234' into text field '//input[@id='password']'.</msg>
<arg>${passwordField}</arg>
<arg>${password}</arg>
<doc>Types the given ``text`` into the text field identified by ``locator``.</doc>
<status status="PASS" start="2024-04-05T13:16:51.896645" elapsed="0.173748"/>
</kw>
<arg>${invalidPassword}</arg>
<status status="PASS" start="2024-04-05T13:16:51.896645" elapsed="0.173748"/>
</kw>
<kw name="Click Submit Button" owner="loginKeywords">
<kw name="Click Button" owner="SeleniumLibrary">
<msg time="2024-04-05T13:16:52.074453" level="INFO">Clicking button '//input[@name='login']'.</msg>
<arg>${submitBtn}</arg>
<doc>Clicks the button identified by ``locator``.</doc>
<status status="PASS" start="2024-04-05T13:16:52.074453" elapsed="0.370510"/>
</kw>
<status status="PASS" start="2024-04-05T13:16:52.070393" elapsed="0.374570"/>
</kw>
<kw name="Verify Error Notif Login" owner="loginKeywords">
<kw name="Page Should Contain Element" owner="SeleniumLibrary">
<msg time="2024-04-05T13:16:52.475311" level="INFO">Current page contains element '//div[@id='swal2-content']'.</msg>
<arg>${errorNotifLogin}</arg>
<doc>Verifies that element ``locator`` is found on the current page.</doc>
<status status="PASS" start="2024-04-05T13:16:52.444963" elapsed="0.030348"/>
</kw>
<status status="PASS" start="2024-04-05T13:16:52.444963" elapsed="0.030348"/>
</kw>
<kw name="Close Browser" owner="SeleniumLibrary">
<doc>Closes the current browser.</doc>
<status status="PASS" start="2024-04-05T13:16:52.475311" elapsed="2.145270"/>
</kw>
<status status="PASS" start="2024-04-05T13:16:48.999977" elapsed="5.620604"/>
</test>
<status status="FAIL" start="2024-04-05T13:16:44.940276" elapsed="9.680305"/>
</suite>
<statistics>
<total>
<stat pass="1" fail="1" skip="0">All Tests</stat>
</total>
<tag>
</tag>
<suite>
<stat pass="1" fail="1" skip="0" id="s1" name="Login">Login</stat>
</suite>
</statistics>
<errors>
<msg time="2024-04-05T13:16:45.167914" level="ERROR">Error in file 'D:\brickAssignment\Variables\loginFiles.robot' on line 4: Importing library 'FakerLibrary' failed: ModuleNotFoundError: No module named 'pkg_resources'
Traceback (most recent call last):
  File "C:\Users\KenyRamadhan\AppData\Local\Packages\PythonSoftwareFoundation.Python.3.12_qbz5n2kfra8p0\LocalCache\local-packages\Python312\site-packages\FakerLibrary\__init__.py", line 1, in &lt;module&gt;
    import pkg_resources
PYTHONPATH:
  D:\brickAssignment\Test Case
  C:\Program Files\WindowsApps\PythonSoftwareFoundation.Python.3.12_3.12.752.0_x64__qbz5n2kfra8p0\python312.zip
  C:\Program Files\WindowsApps\PythonSoftwareFoundation.Python.3.12_3.12.752.0_x64__qbz5n2kfra8p0\DLLs
  C:\Program Files\WindowsApps\PythonSoftwareFoundation.Python.3.12_3.12.752.0_x64__qbz5n2kfra8p0\Lib
  C:\Program Files\WindowsApps\PythonSoftwareFoundation.Python.3.12_3.12.752.0_x64__qbz5n2kfra8p0
  C:\Users\KenyRamadhan\AppData\Local\Packages\PythonSoftwareFoundation.Python.3.12_qbz5n2kfra8p0\LocalCache\local-packages\Python312\site-packages
  C:\Program Files\WindowsApps\PythonSoftwareFoundation.Python.3.12_3.12.752.0_x64__qbz5n2kfra8p0\Lib\site-packages</msg>
</errors>
</robot>
